生成启动时间为 2019/3/19 15:07:53。
     1>项目“C:\cplusplusProject4\NatIpRouter\NatIpRouter\NatIpRouter.vcxproj”在节点 2 上(Build 个目标)。
     1>ClCompile:
         C:\Program Files\Microsoft Visual Studio 11.0\VC\bin\CL.exe /c /ZI /nologo /W3 /WX- /Od /Oy- /D WIN32 /D _DEBUG /D _CONSOLE /D _USING_V110_SDK71_ /D _MBCS /Gm /EHsc /RTC1 /MTd /GS /fp:precise /Zc:wchar_t /Zc:forScope /Yu"stdafx.h" /Fp"Debug\NatIpRouter.pch" /Fo"Debug\\" /Fd"Debug\vc110.pdb" /Gd /TP /analyze- /errorReport:prompt ServiceMain.cpp fileprint.cpp main.cpp
         main.cpp
     1>c:\cplusplusproject4\natiprouter\natiprouter\main.cpp(6): warning C4067: 预处理器指令后有意外标记 - 应输入换行符
         fileprint.cpp
         ServiceMain.cpp
     1>c:\cplusplusproject4\natiprouter\natiprouter\servicemain.cpp(218): warning C4018: “<”: 有符号/无符号不匹配
     1>c:\cplusplusproject4\natiprouter\natiprouter\servicemain.cpp(267): warning C4018: “<”: 有符号/无符号不匹配
         正在生成代码...
       Link:
         C:\Program Files\Microsoft Visual Studio 11.0\VC\bin\link.exe /ERRORREPORT:PROMPT /OUT:"C:\cplusplusProject4\NatIpRouter\Debug\NatIpRouter.exe" /INCREMENTAL /NOLOGO kernel32.lib user32.lib gdi32.lib winspool.lib comdlg32.lib advapi32.lib shell32.lib ole32.lib oleaut32.lib uuid.lib odbc32.lib odbccp32.lib /MANIFEST /MANIFESTUAC:"level='asInvoker' uiAccess='false'" /manifest:embed /DEBUG /PDB:"C:\cplusplusProject4\NatIpRouter\Debug\NatIpRouter.pdb" /SUBSYSTEM:CONSOLE,"5.01" /TLBID:1 /DYNAMICBASE /NXCOMPAT /IMPLIB:"C:\cplusplusProject4\NatIpRouter\Debug\NatIpRouter.lib" /MACHINE:X86 Debug\fileprint.obj
         Debug\main.obj
         Debug\NatAdapter.obj
         Debug\NatMain.obj
         Debug\NatNdisApi.obj
         Debug\NatTable.obj
         Debug\ndisapi.obj
         Debug\ServiceMain.obj
         Debug\stdafx.obj
         NatIpRouter.vcxproj -> C:\cplusplusProject4\NatIpRouter\Debug\NatIpRouter.exe
     1>已完成生成项目“C:\cplusplusProject4\NatIpRouter\NatIpRouter\NatIpRouter.vcxproj”(Build 个目标)的操作。

生成成功。

已用时间 00:00:01.99
