C:\CPLUSPLUSPROJECT4\NATIPROUTER\NATIPROUTER\DEBUG\NATIPROUTER.PCH
C:\CPLUSPLUSPROJECT4\NATIPROUTER\NATIPROUTER\DEBUG\STDAFX.OBJ
C:\CPLUSPLUSPROJECT4\NATIPROUTER\NATIPROUTER\DEBUG\VC110.PDB
C:\CPLUSPLUSPROJECT4\NATIPROUTER\NATIPROUTER\DEBUG\FILEPRINT.OBJ
C:\CPLUSPLUSPROJECT4\NATIPROUTER\NATIPROUTER\DEBUG\MAIN.OBJ
C:\CPLUSPLUSPROJECT4\NATIPROUTER\NATIPROUTER\DEBUG\NATADAPTER.OBJ
C:\CPLUSPLUSPROJECT4\NATIPROUTER\NATIPROUTER\DEBUG\NATMAIN.OBJ
C:\CPLUSPLUSPROJECT4\NATIPROUTER\NATIPROUTER\DEBUG\NATNDISAPI.OBJ
C:\CPLUSPLUSPROJECT4\NATIPROUTER\NATIPROUTER\DEBUG\NATTABLE.OBJ
C:\CPLUSPLUSPROJECT4\NATIPROUTER\NATIPROUTER\DEBUG\NDISAPI.OBJ
C:\CPLUSPLUSPROJECT4\NATIPROUTER\NATIPROUTER\DEBUG\SERVICEMAIN.OBJ
C:\CPLUSPLUSPROJECT4\NATIPROUTER\DEBUG\NATIPROUTER.ILK
C:\CPLUSPLUSPROJECT4\NATIPROUTER\DEBUG\NATIPROUTER.EXE
C:\CPLUSPLUSPROJECT4\NATIPROUTER\DEBUG\NATIPROUTER.PDB
C:\cplusplusProject4\NatIpRouter\NatIpRouter\Debug\fileprint.obj
C:\cplusplusProject4\NatIpRouter\NatIpRouter\Debug\main.obj
C:\cplusplusProject4\NatIpRouter\NatIpRouter\Debug\NatAdapter.obj
C:\cplusplusProject4\NatIpRouter\NatIpRouter\Debug\NatMain.obj
C:\cplusplusProject4\NatIpRouter\NatIpRouter\Debug\NatNdisApi.obj
C:\cplusplusProject4\NatIpRouter\NatIpRouter\Debug\NatTable.obj
C:\cplusplusProject4\NatIpRouter\NatIpRouter\Debug\ndisapi.obj
C:\cplusplusProject4\NatIpRouter\NatIpRouter\Debug\ServiceMain.obj
C:\cplusplusProject4\NatIpRouter\NatIpRouter\Debug\stdafx.obj
C:\cplusplusProject4\NatIpRouter\NatIpRouter\Debug\cl.command.1.tlog
C:\cplusplusProject4\NatIpRouter\NatIpRouter\Debug\CL.read.1.tlog
C:\cplusplusProject4\NatIpRouter\NatIpRouter\Debug\CL.write.1.tlog
C:\cplusplusProject4\NatIpRouter\NatIpRouter\Debug\link-cvtres.read.1.tlog
C:\cplusplusProject4\NatIpRouter\NatIpRouter\Debug\link-cvtres.write.1.tlog
C:\cplusplusProject4\NatIpRouter\NatIpRouter\Debug\link-rc.read.1.tlog
C:\cplusplusProject4\NatIpRouter\NatIpRouter\Debug\link-rc.write.1.tlog
C:\cplusplusProject4\NatIpRouter\NatIpRouter\Debug\link.command.1.tlog
C:\cplusplusProject4\NatIpRouter\NatIpRouter\Debug\link.read.1.tlog
C:\cplusplusProject4\NatIpRouter\NatIpRouter\Debug\link.write.1.tlog
C:\cplusplusProject4\NatIpRouter\NatIpRouter\Debug\NatIpRouter.pch
C:\cplusplusProject4\NatIpRouter\NatIpRouter\Debug\vc110.idb
C:\cplusplusProject4\NatIpRouter\NatIpRouter\Debug\vc110.pdb
C:\cplusplusProject4\NatIpRouter\Debug\NatIpRouter.pdb
C:\cplusplusProject4\NatIpRouter\Debug\NatIpRouter.exe
C:\cplusplusProject4\NatIpRouter\Debug\NatIpRouter.ilk
